This file contains any messages produced by compilers while
running configure, to aid debugging if configure makes a mistake.

It was created by libsecp256k1 configure 0.1, which was
generated by GNU Autoconf 2.69.  Invocation command line was

  $ ./configure --enable-module-recovery --enable-experimental

## --------- ##
## Platform. ##
## --------- ##

hostname = Senors-MacBook-Pro.local
uname -m = x86_64
uname -r = 18.2.0
uname -s = Darwin
uname -v = Darwin Kernel Version 18.2.0: Thu Dec 20 20:46:53 PST 2018; root:xnu-4903.241.1~1/RELEASE_X86_64

/usr/bin/uname -p = i386
/bin/uname -X     = unknown

/bin/arch              = unknown
/usr/bin/arch -k       = unknown
/usr/convex/getsysinfo = unknown
/usr/bin/hostinfo      = Mach kernel version:
	 Darwin Kernel Version 18.2.0: Thu Dec 20 20:46:53 PST 2018; root:xnu-4903.241.1~1/RELEASE_X86_64
Kernel configured for up to 4 processors.
2 processors are physically available.
4 processors are logically available.
Processor type: x86_64h (Intel x86-64h Haswell)
Processors active: 0 1 2 3
Primary memory available: 8.00 gigabytes
Default processor set: 286 tasks, 1059 threads, 4 processors
Load average: 1.89, Mach factor: 2.12
/bin/machine           = unknown
/usr/bin/oslevel       = unknown
/bin/universe          = unknown

PATH: /Users/sr.integrale/.pyenv/shims
PATH: /usr/local/bin
PATH: /usr/bin
PATH: /bin
PATH: /usr/sbin
PATH: /sbin


## ----------- ##
## Core tests. ##
## ----------- ##

configure:2397: checking build system type
configure:2411: result: x86_64-apple-darwin18.2.0
configure:2431: checking host system type
configure:2444: result: x86_64-apple-darwin18.2.0
configure:2483: checking for a BSD-compatible install
configure:2551: result: /usr/bin/install -c
configure:2562: checking whether build environment is sane
configure:2617: result: yes
configure:2768: checking for a thread-safe mkdir -p
configure:2807: result: build-aux/install-sh -c -d
configure:2814: checking for gawk
configure:2844: result: no
configure:2814: checking for mawk
configure:2844: result: no
configure:2814: checking for nawk
configure:2844: result: no
configure:2814: checking for awk
configure:2830: found /usr/bin/awk
configure:2841: result: awk
configure:2852: checking whether make sets $(MAKE)
configure:2874: result: yes
configure:2903: checking whether make supports nested variables
configure:2920: result: yes
configure:3092: checking how to print strings
configure:3119: result: printf
configure:3144: checking whether make supports the include directive
configure:3159: make -f confmf.GNU && cat confinc.out
this is the am__doit target
configure:3162: $? = 0
configure:3181: result: yes (GNU style)
configure:3251: checking for gcc
configure:3267: found /usr/bin/gcc
configure:3278: result: gcc
configure:3507: checking for C compiler version
configure:3516: gcc --version >&5
Apple LLVM version 10.0.0 (clang-1000.10.44.4)
Target: x86_64-apple-darwin18.2.0
Thread model: posix
InstalledDir: /Library/Developer/CommandLineTools/usr/bin
Configured with: --prefix=/Library/Developer/CommandLineTools/usr --with-gxx-include-dir=/usr/include/c++/4.2.1
configure:3527: $? = 0
configure:3516: gcc -v >&5
Configured with: --prefix=/Library/Developer/CommandLineTools/usr --with-gxx-include-dir=/usr/include/c++/4.2.1
Apple LLVM version 10.0.0 (clang-1000.10.44.4)
Target: x86_64-apple-darwin18.2.0
Thread model: posix
InstalledDir: /Library/Developer/CommandLineTools/usr/bin
configure:3527: $? = 0
configure:3516: gcc -V >&5
clang: error: argument to '-V' is missing (expected 1 value)
clang: error: no input files
configure:3527: $? = 1
configure:3516: gcc -qversion >&5
clang: error: unknown argument: '-qversion'
clang: error: no input files
configure:3527: $? = 1
configure:3547: checking whether the C compiler works
configure:3569: gcc    conftest.c  >&5
configure:3573: $? = 0
configure:3621: result: yes
configure:3624: checking for C compiler default output file name
configure:3626: result: a.out
configure:3632: checking for suffix of executables
configure:3639: gcc -o conftest    conftest.c  >&5
configure:3643: $? = 0
configure:3665: result: 
configure:3687: checking whether we are cross compiling
configure:3695: gcc -o conftest    conftest.c  >&5
configure:3699: $? = 0
configure:3706: ./conftest
configure:3710: $? = 0
configure:3725: result: no
configure:3730: checking for suffix of object files
configure:3752: gcc -c   conftest.c >&5
configure:3756: $? = 0
configure:3777: result: o
configure:3781: checking whether we are using the GNU C compiler
configure:3800: gcc -c   conftest.c >&5
configure:3800: $? = 0
configure:3809: result: yes
configure:3818: checking whether gcc accepts -g
configure:3838: gcc -c -g  conftest.c >&5
configure:3838: $? = 0
configure:3879: result: yes
configure:3896: checking for gcc option to accept ISO C89
configure:3959: gcc  -c -g -O2  conftest.c >&5
configure:3959: $? = 0
configure:3972: result: none needed
configure:3997: checking whether gcc understands -c and -o together
configure:4019: gcc -c conftest.c -o conftest2.o
configure:4022: $? = 0
configure:4019: gcc -c conftest.c -o conftest2.o
configure:4022: $? = 0
configure:4034: result: yes
configure:4053: checking dependency style of gcc
configure:4164: result: gcc3
configure:4179: checking for a sed that does not truncate output
configure:4243: result: /usr/bin/sed
configure:4261: checking for grep that handles long lines and -e
configure:4319: result: /usr/bin/grep
configure:4324: checking for egrep
configure:4386: result: /usr/bin/grep -E
configure:4391: checking for fgrep
configure:4453: result: /usr/bin/grep -F
configure:4488: checking for ld used by gcc
configure:4555: result: /Library/Developer/CommandLineTools/usr/bin/ld
configure:4562: checking if the linker (/Library/Developer/CommandLineTools/usr/bin/ld) is GNU ld
configure:4577: result: no
configure:4589: checking for BSD- or MS-compatible name lister (nm)
configure:4643: result: /usr/bin/nm -B
configure:4773: checking the name lister (/usr/bin/nm -B) interface
configure:4780: gcc -c -g -O2  conftest.c >&5
configure:4783: /usr/bin/nm -B "conftest.o"
configure:4786: output
00000000000001dc S _some_variable
configure:4793: result: BSD nm
configure:4796: checking whether ln -s works
configure:4800: result: yes
configure:4808: checking the maximum length of command line arguments
configure:4939: result: 196608
configure:4987: checking how to convert x86_64-apple-darwin18.2.0 file names to x86_64-apple-darwin18.2.0 format
configure:5027: result: func_convert_file_noop
configure:5034: checking how to convert x86_64-apple-darwin18.2.0 file names to toolchain format
configure:5054: result: func_convert_file_noop
configure:5061: checking for /Library/Developer/CommandLineTools/usr/bin/ld option to reload object files
configure:5068: result: -r
configure:5142: checking for objdump
configure:5158: found /usr/bin/objdump
configure:5169: result: objdump
configure:5201: checking how to recognize dependent libraries
configure:5401: result: pass_all
configure:5486: checking for dlltool
configure:5516: result: no
configure:5546: checking how to associate runtime and link libraries
configure:5573: result: printf %s\n
configure:5634: checking for ar
configure:5650: found /usr/bin/ar
configure:5661: result: ar
configure:5698: checking for archiver @FILE support
configure:5715: gcc -c -g -O2  conftest.c >&5
configure:5715: $? = 0
configure:5718: ar cru libconftest.a @conftest.lst >&5
ar: @conftest.lst: No such file or directory
configure:5721: $? = 1
configure:5741: result: no
configure:5799: checking for strip
configure:5815: found /usr/bin/strip
configure:5826: result: strip
configure:5898: checking for ranlib
configure:5914: found /usr/bin/ranlib
configure:5925: result: ranlib
configure:6027: checking command to parse /usr/bin/nm -B output from gcc object
configure:6180: gcc -c -g -O2  conftest.c >&5
configure:6183: $? = 0
configure:6187: /usr/bin/nm -B conftest.o \| sed -n -e 's/^.*[ ]\([BCDEGRST][BCDEGRST]*\)[ ][ ]*\([_A-Za-z][_A-Za-z0-9]*\)$/\1 \2 \2/p' | sed '/ __gnu_lto/d' \> conftest.nm
configure:6190: $? = 0
cannot find nm_test_var in conftest.nm
configure:6180: gcc -c -g -O2  conftest.c >&5
configure:6183: $? = 0
configure:6187: /usr/bin/nm -B conftest.o \| sed -n -e 's/^.*[ ]\([BCDEGRST][BCDEGRST]*\)[ ][ ]*_\([_A-Za-z][_A-Za-z0-9]*\)$/\1 _\2 \2/p' | sed '/ __gnu_lto/d' \> conftest.nm
configure:6190: $? = 0
configure:6256: gcc -o conftest -g -O2   conftest.c conftstm.o >&5
warning: (x86_64)  could not find object file symbol for symbol _main
configure:6259: $? = 0
configure:6297: result: ok
configure:6344: checking for sysroot
configure:6374: result: no
configure:6381: checking for a working dd
configure:6419: result: /bin/dd
configure:6423: checking how to truncate binary pipes
configure:6438: result: /bin/dd bs=4096 count=1
configure:6767: checking for mt
configure:6797: result: no
configure:6817: checking if : is a manifest tool
configure:6823: : '-?'
configure:6831: result: no
configure:6887: checking for dsymutil
configure:6903: found /usr/bin/dsymutil
configure:6914: result: dsymutil
configure:6979: checking for nmedit
configure:6995: found /usr/bin/nmedit
configure:7006: result: nmedit
configure:7071: checking for lipo
configure:7087: found /usr/bin/lipo
configure:7098: result: lipo
configure:7163: checking for otool
configure:7179: found /usr/bin/otool
configure:7190: result: otool
configure:7255: checking for otool64
configure:7285: result: no
configure:7330: checking for -single_module linker flag
gcc -g -O2  -o libconftest.dylib -dynamiclib -Wl,-single_module conftest.c
configure:7363: result: yes
configure:7366: checking for -exported_symbols_list linker flag
configure:7386: gcc -o conftest -g -O2   -Wl,-exported_symbols_list,conftest.sym conftest.c  >&5
configure:7386: $? = 0
configure:7396: result: yes
configure:7399: checking for -force_load linker flag
gcc -g -O2 -c -o conftest.o conftest.c
ar cru libconftest.a conftest.o
ranlib libconftest.a
gcc -g -O2  -o conftest conftest.c -Wl,-force_load,./libconftest.a
configure:7431: result: yes
configure:7508: checking how to run the C preprocessor
configure:7539: gcc -E  conftest.c
configure:7539: $? = 0
configure:7553: gcc -E  conftest.c
conftest.c:11:10: fatal error: 'ac_nonexistent.h' file not found
#include <ac_nonexistent.h>
         ^~~~~~~~~~~~~~~~~~
1 error generated.
configure:7553: $? = 1
configure: failed program was:
| /* confdefs.h */
| #define PACKAGE_NAME "libsecp256k1"
| #define PACKAGE_TARNAME "libsecp256k1"
| #define PACKAGE_VERSION "0.1"
| #define PACKAGE_STRING "libsecp256k1 0.1"
| #define PACKAGE_BUGREPORT ""
| #define PACKAGE_URL ""
| #define PACKAGE "libsecp256k1"
| #define VERSION "0.1"
| /* end confdefs.h.  */
| #include <ac_nonexistent.h>
configure:7578: result: gcc -E
configure:7598: gcc -E  conftest.c
configure:7598: $? = 0
configure:7612: gcc -E  conftest.c
conftest.c:11:10: fatal error: 'ac_nonexistent.h' file not found
#include <ac_nonexistent.h>
         ^~~~~~~~~~~~~~~~~~
1 error generated.
configure:7612: $? = 1
configure: failed program was:
| /* confdefs.h */
| #define PACKAGE_NAME "libsecp256k1"
| #define PACKAGE_TARNAME "libsecp256k1"
| #define PACKAGE_VERSION "0.1"
| #define PACKAGE_STRING "libsecp256k1 0.1"
| #define PACKAGE_BUGREPORT ""
| #define PACKAGE_URL ""
| #define PACKAGE "libsecp256k1"
| #define VERSION "0.1"
| /* end confdefs.h.  */
| #include <ac_nonexistent.h>
configure:7641: checking for ANSI C header files
configure:7661: gcc -c -g -O2  conftest.c >&5
configure:7661: $? = 0
configure:7734: gcc -o conftest -g -O2   conftest.c  >&5
configure:7734: $? = 0
configure:7734: ./conftest
configure:7734: $? = 0
configure:7745: result: yes
configure:7758: checking for sys/types.h
configure:7758: gcc -c -g -O2  conftest.c >&5
configure:7758: $? = 0
configure:7758: result: yes
configure:7758: checking for sys/stat.h
configure:7758: gcc -c -g -O2  conftest.c >&5
configure:7758: $? = 0
configure:7758: result: yes
configure:7758: checking for stdlib.h
configure:7758: gcc -c -g -O2  conftest.c >&5
configure:7758: $? = 0
configure:7758: result: yes
configure:7758: checking for string.h
configure:7758: gcc -c -g -O2  conftest.c >&5
configure:7758: $? = 0
configure:7758: result: yes
configure:7758: checking for memory.h
configure:7758: gcc -c -g -O2  conftest.c >&5
configure:7758: $? = 0
configure:7758: result: yes
configure:7758: checking for strings.h
configure:7758: gcc -c -g -O2  conftest.c >&5
configure:7758: $? = 0
configure:7758: result: yes
configure:7758: checking for inttypes.h
configure:7758: gcc -c -g -O2  conftest.c >&5
configure:7758: $? = 0
configure:7758: result: yes
configure:7758: checking for stdint.h
configure:7758: gcc -c -g -O2  conftest.c >&5
configure:7758: $? = 0
configure:7758: result: yes
configure:7758: checking for unistd.h
configure:7758: gcc -c -g -O2  conftest.c >&5
configure:7758: $? = 0
configure:7758: result: yes
configure:7772: checking for dlfcn.h
configure:7772: gcc -c -g -O2  conftest.c >&5
configure:7772: $? = 0
configure:7772: result: yes
configure:8028: checking for objdir
configure:8043: result: .libs
configure:8307: checking if gcc supports -fno-rtti -fno-exceptions
configure:8325: gcc -c -g -O2  -fno-rtti -fno-exceptions conftest.c >&5
configure:8329: $? = 0
configure:8342: result: yes
configure:8700: checking for gcc option to produce PIC
configure:8707: result: -fno-common -DPIC
configure:8715: checking if gcc PIC flag -fno-common -DPIC works
configure:8733: gcc -c -g -O2  -fno-common -DPIC -DPIC conftest.c >&5
configure:8737: $? = 0
configure:8750: result: yes
configure:8779: checking if gcc static flag -static works
configure:8807: result: no
configure:8822: checking if gcc supports -c -o file.o
configure:8843: gcc -c -g -O2  -o out/conftest2.o conftest.c >&5
configure:8847: $? = 0
configure:8869: result: yes
configure:8877: checking if gcc supports -c -o file.o
configure:8924: result: yes
configure:8957: checking whether the gcc linker (/Library/Developer/CommandLineTools/usr/bin/ld) supports shared libraries
configure:10216: result: yes
configure:10456: checking dynamic linker characteristics
configure:11274: result: darwin18.2.0 dyld
configure:11396: checking how to hardcode library paths into programs
configure:11421: result: immediate
configure:11969: checking whether stripping libraries is possible
configure:11983: result: yes
configure:12009: checking if libtool supports shared libraries
configure:12011: result: yes
configure:12014: checking whether to build shared libraries
configure:12039: result: yes
configure:12042: checking whether to build static libraries
configure:12046: result: yes
configure:12095: checking whether make supports nested variables
configure:12112: result: yes
configure:12178: checking for pkg-config
configure:12196: found /usr/local/bin/pkg-config
configure:12208: result: /usr/local/bin/pkg-config
configure:12233: checking pkg-config is at least version 0.9.0
configure:12236: result: yes
configure:12291: checking for ar
configure:12309: found /usr/bin/ar
configure:12321: result: /usr/bin/ar
configure:12389: checking for ranlib
configure:12407: found /usr/bin/ranlib
configure:12419: result: /usr/bin/ranlib
configure:12487: checking for strip
configure:12505: found /usr/bin/strip
configure:12517: result: /usr/bin/strip
configure:12595: checking for gcc
configure:12611: found /usr/bin/gcc
configure:12622: result: gcc
configure:12851: checking for C compiler version
configure:12860: gcc --version >&5
Apple LLVM version 10.0.0 (clang-1000.10.44.4)
Target: x86_64-apple-darwin18.2.0
Thread model: posix
InstalledDir: /Library/Developer/CommandLineTools/usr/bin
Configured with: --prefix=/Library/Developer/CommandLineTools/usr --with-gxx-include-dir=/usr/include/c++/4.2.1
configure:12871: $? = 0
configure:12860: gcc -v >&5
Configured with: --prefix=/Library/Developer/CommandLineTools/usr --with-gxx-include-dir=/usr/include/c++/4.2.1
Apple LLVM version 10.0.0 (clang-1000.10.44.4)
Target: x86_64-apple-darwin18.2.0
Thread model: posix
InstalledDir: /Library/Developer/CommandLineTools/usr/bin
configure:12871: $? = 0
configure:12860: gcc -V >&5
clang: error: argument to '-V' is missing (expected 1 value)
clang: error: no input files
configure:12871: $? = 1
configure:12860: gcc -qversion >&5
clang: error: unknown argument: '-qversion'
clang: error: no input files
configure:12871: $? = 1
configure:12875: checking whether we are using the GNU C compiler
configure:12903: result: yes
configure:12912: checking whether gcc accepts -g
configure:12932: gcc -c -g -O2  conftest.c >&5
configure:12932: $? = 0
configure:12973: result: yes
configure:12990: checking for gcc option to accept ISO C89
configure:13066: result: none needed
configure:13091: checking whether gcc understands -c and -o together
configure:13128: result: yes
configure:13147: checking dependency style of gcc
configure:13258: result: gcc3
configure:13278: checking how to run the C preprocessor
configure:13309: gcc -E  conftest.c
configure:13309: $? = 0
configure:13323: gcc -E  conftest.c
conftest.c:23:10: fatal error: 'ac_nonexistent.h' file not found
#include <ac_nonexistent.h>
         ^~~~~~~~~~~~~~~~~~
1 error generated.
configure:13323: $? = 1
configure: failed program was:
| /* confdefs.h */
| #define PACKAGE_NAME "libsecp256k1"
| #define PACKAGE_TARNAME "libsecp256k1"
| #define PACKAGE_VERSION "0.1"
| #define PACKAGE_STRING "libsecp256k1 0.1"
| #define PACKAGE_BUGREPORT ""
| #define PACKAGE_URL ""
| #define PACKAGE "libsecp256k1"
| #define VERSION "0.1"
| #define STDC_HEADERS 1
| #define HAVE_SYS_TYPES_H 1
| #define HAVE_SYS_STAT_H 1
| #define HAVE_STDLIB_H 1
| #define HAVE_STRING_H 1
| #define HAVE_MEMORY_H 1
| #define HAVE_STRINGS_H 1
| #define HAVE_INTTYPES_H 1
| #define HAVE_STDINT_H 1
| #define HAVE_UNISTD_H 1
| #define HAVE_DLFCN_H 1
| #define LT_OBJDIR ".libs/"
| /* end confdefs.h.  */
| #include <ac_nonexistent.h>
configure:13348: result: gcc -E
configure:13368: gcc -E  conftest.c
configure:13368: $? = 0
configure:13382: gcc -E  conftest.c
conftest.c:23:10: fatal error: 'ac_nonexistent.h' file not found
#include <ac_nonexistent.h>
         ^~~~~~~~~~~~~~~~~~
1 error generated.
configure:13382: $? = 1
configure: failed program was:
| /* confdefs.h */
| #define PACKAGE_NAME "libsecp256k1"
| #define PACKAGE_TARNAME "libsecp256k1"
| #define PACKAGE_VERSION "0.1"
| #define PACKAGE_STRING "libsecp256k1 0.1"
| #define PACKAGE_BUGREPORT ""
| #define PACKAGE_URL ""
| #define PACKAGE "libsecp256k1"
| #define VERSION "0.1"
| #define STDC_HEADERS 1
| #define HAVE_SYS_TYPES_H 1
| #define HAVE_SYS_STAT_H 1
| #define HAVE_STDLIB_H 1
| #define HAVE_STRING_H 1
| #define HAVE_MEMORY_H 1
| #define HAVE_STRINGS_H 1
| #define HAVE_INTTYPES_H 1
| #define HAVE_STDINT_H 1
| #define HAVE_UNISTD_H 1
| #define HAVE_DLFCN_H 1
| #define LT_OBJDIR ".libs/"
| /* end confdefs.h.  */
| #include <ac_nonexistent.h>
configure:13426: checking for gcc option to accept ISO C89
configure:13502: result: none needed
configure:13529: checking dependency style of gcc
configure:13638: result: gcc3
configure:13659: checking for brew
configure:13677: found /usr/local/bin/brew
configure:13689: result: /usr/local/bin/brew
configure:13764: checking if gcc supports -std=c89 -pedantic -Wall -Wextra -Wcast-align -Wnested-externs -Wshadow -Wstrict-prototypes -Wno-unused-function -Wno-long-long -Wno-overlength-strings
configure:13770: gcc -c -g -O2 -W -std=c89 -pedantic -Wall -Wextra -Wcast-align -Wnested-externs -Wshadow -Wstrict-prototypes -Wno-unused-function -Wno-long-long -Wno-overlength-strings  conftest.c >&5
configure:13770: $? = 0
configure:13771: result: yes
configure:13783: checking if gcc supports -fvisibility=hidden
configure:13789: gcc -c -g -O2 -W -std=c89 -pedantic -Wall -Wextra -Wcast-align -Wnested-externs -Wshadow -Wstrict-prototypes -Wno-unused-function -Wno-long-long -Wno-overlength-strings -fvisibility=hidden  conftest.c >&5
configure:13789: $? = 0
configure:13790: result: yes
configure:13924: checking for __int128
configure:13924: gcc -c -g -O2 -W -std=c89 -pedantic -Wall -Wextra -Wcast-align -Wnested-externs -Wshadow -Wstrict-prototypes -Wno-unused-function -Wno-long-long -Wno-overlength-strings -fvisibility=hidden  conftest.c >&5
configure:13924: $? = 0
configure:13924: gcc -c -g -O2 -W -std=c89 -pedantic -Wall -Wextra -Wcast-align -Wnested-externs -Wshadow -Wstrict-prototypes -Wno-unused-function -Wno-long-long -Wno-overlength-strings -fvisibility=hidden  conftest.c >&5
conftest.c:59:23: error: expected expression
if (sizeof ((__int128)))
                      ^
1 error generated.
configure:13924: $? = 1
configure: failed program was:
| /* confdefs.h */
| #define PACKAGE_NAME "libsecp256k1"
| #define PACKAGE_TARNAME "libsecp256k1"
| #define PACKAGE_VERSION "0.1"
| #define PACKAGE_STRING "libsecp256k1 0.1"
| #define PACKAGE_BUGREPORT ""
| #define PACKAGE_URL ""
| #define PACKAGE "libsecp256k1"
| #define VERSION "0.1"
| #define STDC_HEADERS 1
| #define HAVE_SYS_TYPES_H 1
| #define HAVE_SYS_STAT_H 1
| #define HAVE_STDLIB_H 1
| #define HAVE_STRING_H 1
| #define HAVE_MEMORY_H 1
| #define HAVE_STRINGS_H 1
| #define HAVE_INTTYPES_H 1
| #define HAVE_STDINT_H 1
| #define HAVE_UNISTD_H 1
| #define HAVE_DLFCN_H 1
| #define LT_OBJDIR ".libs/"
| /* end confdefs.h.  */
| #include <stdio.h>
| #ifdef HAVE_SYS_TYPES_H
| # include <sys/types.h>
| #endif
| #ifdef HAVE_SYS_STAT_H
| # include <sys/stat.h>
| #endif
| #ifdef STDC_HEADERS
| # include <stdlib.h>
| # include <stddef.h>
| #else
| # ifdef HAVE_STDLIB_H
| #  include <stdlib.h>
| # endif
| #endif
| #ifdef HAVE_STRING_H
| # if !defined STDC_HEADERS && defined HAVE_MEMORY_H
| #  include <memory.h>
| # endif
| # include <string.h>
| #endif
| #ifdef HAVE_STRINGS_H
| # include <strings.h>
| #endif
| #ifdef HAVE_INTTYPES_H
| # include <inttypes.h>
| #endif
| #ifdef HAVE_STDINT_H
| # include <stdint.h>
| #endif
| #ifdef HAVE_UNISTD_H
| # include <unistd.h>
| #endif
| int
| main ()
| {
| if (sizeof ((__int128)))
| 	    return 0;
|   ;
|   return 0;
| }
configure:13924: result: yes
configure:13935: checking for __builtin_expect
configure:13941: gcc -c -g -O2 -W -std=c89 -pedantic -Wall -Wextra -Wcast-align -Wnested-externs -Wshadow -Wstrict-prototypes -Wno-unused-function -Wno-long-long -Wno-overlength-strings -fvisibility=hidden  conftest.c >&5
conftest.c:24:16: warning: ignoring return value of function declared with const attribute [-Wunused-value]
void myfunc() {__builtin_expect(0,0);}
               ^~~~~~~~~~~~~~~~ ~~~
1 warning generated.
configure:13941: $? = 0
configure:13942: result: yes
configure:13968: checking native compiler: gcc
configure:13983: gcc -o conftest -g -O2 -W -std=c89 -pedantic -Wall -Wextra -Wcast-align -Wnested-externs -Wshadow -Wstrict-prototypes -Wno-unused-function -Wno-long-long -Wno-overlength-strings -fvisibility=hidden -O3   conftest.c  >&5
configure:13983: $? = 0
configure:13983: ./conftest
configure:13983: $? = 0
configure:14004: result: ok
configure:14014: checking for x86_64 assembly availability
configure:14031: gcc -c -g -O2 -W -std=c89 -pedantic -Wall -Wextra -Wcast-align -Wnested-externs -Wshadow -Wstrict-prototypes -Wno-unused-function -Wno-long-long -Wno-overlength-strings -fvisibility=hidden -O3  conftest.c >&5
conftest.c:32:75: warning: variable 'tmp' is uninitialized when used here [-Wuninitialized]
  __asm__ __volatile__("movq $0x100000000,%1; mulq %%rsi" : "+a"(a) : "S"(tmp) : "cc", "%rdx");
                                                                          ^~~
conftest.c:31:23: note: initialize the variable 'tmp' to silence this warning
  uint64_t a = 11, tmp;
                      ^
                       = 0
1 warning generated.
configure:14031: $? = 0
configure:14037: result: yes
configure:14163: checking gmp.h usability
configure:14163: gcc -c -g -O2 -W -std=c89 -pedantic -Wall -Wextra -Wcast-align -Wnested-externs -Wshadow -Wstrict-prototypes -Wno-unused-function -Wno-long-long -Wno-overlength-strings -fvisibility=hidden -O3 -I/usr/local/opt/gmp/include  conftest.c >&5
configure:14163: $? = 0
configure:14163: result: yes
configure:14163: checking gmp.h presence
configure:14163: gcc -E -I/usr/local/opt/gmp/include  conftest.c
configure:14163: $? = 0
configure:14163: result: yes
configure:14163: checking for gmp.h
configure:14163: result: yes
configure:14165: checking for __gmpz_init in -lgmp
configure:14190: gcc -o conftest -g -O2 -W -std=c89 -pedantic -Wall -Wextra -Wcast-align -Wnested-externs -Wshadow -Wstrict-prototypes -Wno-unused-function -Wno-long-long -Wno-overlength-strings -fvisibility=hidden -O3 -I/usr/local/opt/gmp/include   conftest.c -lgmp  -L/usr/local/opt/gmp/lib  >&5
conftest.c:32:18: warning: this function declaration is not a prototype [-Wstrict-prototypes]
char __gmpz_init ();
                 ^
                  void
1 warning generated.
configure:14190: $? = 0
configure:14199: result: yes
configure:14385: checking for libcrypto
configure:14392: $PKG_CONFIG --exists --print-errors "libcrypto"
configure:14395: $? = 0
configure:14409: $PKG_CONFIG --exists --print-errors "libcrypto"
configure:14412: $? = 0
configure:14450: result: yes
configure:14457: checking for main in -lcrypto
configure:14476: gcc -o conftest -g -O2 -W -std=c89 -pedantic -Wall -Wextra -Wcast-align -Wnested-externs -Wshadow -Wstrict-prototypes -Wno-unused-function -Wno-long-long -Wno-overlength-strings -fvisibility=hidden -O3   conftest.c -lcrypto   -L/usr/local/Cellar/openssl/1.0.2q/lib -lcrypto >&5
conftest.c:37:1: warning: all paths through this function will call itself [-Winfinite-recursion]
{
^
1 warning generated.
configure:14476: $? = 0
configure:14485: result: yes
configure:14549: checking for EC functions in libcrypto
configure:14573: gcc -c -g -O2 -W -std=c89 -pedantic -Wall -Wextra -Wcast-align -Wnested-externs -Wshadow -Wstrict-prototypes -Wno-unused-function -Wno-long-long -Wno-overlength-strings -fvisibility=hidden -O3  conftest.c >&5
conftest.c:35:14: fatal error: 'openssl/ec.h' file not found
    #include <openssl/ec.h>
             ^~~~~~~~~~~~~~
1 error generated.
configure:14573: $? = 1
configure: failed program was:
| /* confdefs.h */
| #define PACKAGE_NAME "libsecp256k1"
| #define PACKAGE_TARNAME "libsecp256k1"
| #define PACKAGE_VERSION "0.1"
| #define PACKAGE_STRING "libsecp256k1 0.1"
| #define PACKAGE_BUGREPORT ""
| #define PACKAGE_URL ""
| #define PACKAGE "libsecp256k1"
| #define VERSION "0.1"
| #define STDC_HEADERS 1
| #define HAVE_SYS_TYPES_H 1
| #define HAVE_SYS_STAT_H 1
| #define HAVE_STDLIB_H 1
| #define HAVE_STRING_H 1
| #define HAVE_MEMORY_H 1
| #define HAVE_STRINGS_H 1
| #define HAVE_INTTYPES_H 1
| #define HAVE_STDINT_H 1
| #define HAVE_UNISTD_H 1
| #define HAVE_DLFCN_H 1
| #define LT_OBJDIR ".libs/"
| #define HAVE___INT128 1
| #define HAVE_BUILTIN_EXPECT 1
| #define HAVE_LIBGMP 1
| #define USE_ASM_X86_64 1
| #define USE_FIELD_5X52 1
| #define HAVE_LIBGMP 1
| #define USE_NUM_GMP 1
| #define USE_FIELD_INV_NUM 1
| #define USE_SCALAR_INV_NUM 1
| #define USE_SCALAR_4X64 1
| #define HAVE_LIBCRYPTO 1
| /* end confdefs.h.  */
| 
|     #include <openssl/ec.h>
|     #include <openssl/ecdsa.h>
|     #include <openssl/obj_mac.h>
| int
| main ()
| {
| 
|     EC_KEY *eckey = EC_KEY_new_by_curve_name(NID_secp256k1);
|     ECDSA_sign(0, NULL, 0, NULL, NULL, eckey);
|     ECDSA_verify(0, NULL, 0, NULL, 0, eckey);
|     EC_KEY_free(eckey);
|     ECDSA_SIG *sig_openssl;
|     sig_openssl = ECDSA_SIG_new();
|     ECDSA_SIG_free(sig_openssl);
| 
|   ;
|   return 0;
| }
configure:14579: result: no
configure:14800: checking whether byte ordering is bigendian
configure:14815: gcc -c -g -O2 -W -std=c89 -pedantic -Wall -Wextra -Wcast-align -Wnested-externs -Wshadow -Wstrict-prototypes -Wno-unused-function -Wno-long-long -Wno-overlength-strings -fvisibility=hidden -O3  conftest.c >&5
configure:14815: $? = 0
configure:14860: gcc -c -g -O2 -W -std=c89 -pedantic -Wall -Wextra -Wcast-align -Wnested-externs -Wshadow -Wstrict-prototypes -Wno-unused-function -Wno-long-long -Wno-overlength-strings -fvisibility=hidden -O3  conftest.c >&5
configure:14860: $? = 0
configure:14878: gcc -c -g -O2 -W -std=c89 -pedantic -Wall -Wextra -Wcast-align -Wnested-externs -Wshadow -Wstrict-prototypes -Wno-unused-function -Wno-long-long -Wno-overlength-strings -fvisibility=hidden -O3  conftest.c >&5
conftest.c:43:4: error: use of undeclared identifier 'not'
                 not big endian
                 ^
1 error generated.
configure:14878: $? = 1
configure: failed program was:
| /* confdefs.h */
| #define PACKAGE_NAME "libsecp256k1"
| #define PACKAGE_TARNAME "libsecp256k1"
| #define PACKAGE_VERSION "0.1"
| #define PACKAGE_STRING "libsecp256k1 0.1"
| #define PACKAGE_BUGREPORT ""
| #define PACKAGE_URL ""
| #define PACKAGE "libsecp256k1"
| #define VERSION "0.1"
| #define STDC_HEADERS 1
| #define HAVE_SYS_TYPES_H 1
| #define HAVE_SYS_STAT_H 1
| #define HAVE_STDLIB_H 1
| #define HAVE_STRING_H 1
| #define HAVE_MEMORY_H 1
| #define HAVE_STRINGS_H 1
| #define HAVE_INTTYPES_H 1
| #define HAVE_STDINT_H 1
| #define HAVE_UNISTD_H 1
| #define HAVE_DLFCN_H 1
| #define LT_OBJDIR ".libs/"
| #define HAVE___INT128 1
| #define HAVE_BUILTIN_EXPECT 1
| #define HAVE_LIBGMP 1
| #define USE_ASM_X86_64 1
| #define USE_FIELD_5X52 1
| #define HAVE_LIBGMP 1
| #define USE_NUM_GMP 1
| #define USE_FIELD_INV_NUM 1
| #define USE_SCALAR_INV_NUM 1
| #define USE_SCALAR_4X64 1
| #define HAVE_LIBCRYPTO 1
| #define USE_ECMULT_STATIC_PRECOMPUTATION 1
| #define ENABLE_MODULE_RECOVERY 1
| /* end confdefs.h.  */
| #include <sys/types.h>
| 		#include <sys/param.h>
| 
| int
| main ()
| {
| #if BYTE_ORDER != BIG_ENDIAN
| 		 not big endian
| 		#endif
| 
|   ;
|   return 0;
| }
configure:15006: result: no
configure:15031: Using static precomputation: yes
configure:15033: Using assembly optimizations: x86_64
configure:15035: Using field implementation: 64bit
configure:15037: Using bignum implementation: gmp
configure:15039: Using scalar implementation: 64bit
configure:15041: Using endomorphism optimizations: no
configure:15043: Building benchmarks: yes
configure:15045: Building for coverage analysis: no
configure:15047: Building ECDH module: no
configure:15049: Building ECDSA pubkey recovery module: yes
configure:15051: Using jni: no
configure:15055: ******
configure:15057: WARNING: experimental build
configure:15059: Experimental features do not have stable APIs or properties, and may not be safe for production use.
configure:15061: Building ECDH module: no
configure:15063: ******
configure:15277: checking that generated files are newer than configure
configure:15283: result: done
configure:15355: creating ./config.status

## ---------------------- ##
## Running config.status. ##
## ---------------------- ##

This file was extended by libsecp256k1 config.status 0.1, which was
generated by GNU Autoconf 2.69.  Invocation command line was

  CONFIG_FILES    = 
  CONFIG_HEADERS  = 
  CONFIG_LINKS    = 
  CONFIG_COMMANDS = 
  $ ./config.status 

on Senors-MacBook-Pro.local

config.status:1141: creating Makefile
config.status:1141: creating libsecp256k1.pc
config.status:1141: creating src/libsecp256k1-config.h
config.status:1370: executing depfiles commands
config.status:1447: cd .       && sed -e '/# am--include-marker/d' Makefile         | make -f - am--depfiles
config.status:1452: $? = 0
config.status:1370: executing libtool commands

## ---------------- ##
## Cache variables. ##
## ---------------- ##

ac_cv_build=x86_64-apple-darwin18.2.0
ac_cv_build_prog_CPP='gcc -E'
ac_cv_build_prog_cc_g=yes
ac_cv_c_bigendian=no
ac_cv_c_compiler_gnu=yes
ac_cv_env_CCASFLAGS_set=
ac_cv_env_CCASFLAGS_value=
ac_cv_env_CCAS_set=
ac_cv_env_CCAS_value=
ac_cv_env_CC_set=
ac_cv_env_CC_value=
ac_cv_env_CFLAGS_set=
ac_cv_env_CFLAGS_value=
ac_cv_env_CPPFLAGS_set=
ac_cv_env_CPPFLAGS_value=
ac_cv_env_CPP_set=
ac_cv_env_CPP_value=
ac_cv_env_CRYPTO_CFLAGS_set=
ac_cv_env_CRYPTO_CFLAGS_value=
ac_cv_env_CRYPTO_LIBS_set=
ac_cv_env_CRYPTO_LIBS_value=
ac_cv_env_LDFLAGS_set=
ac_cv_env_LDFLAGS_value=
ac_cv_env_LIBS_set=
ac_cv_env_LIBS_value=
ac_cv_env_LT_SYS_LIBRARY_PATH_set=
ac_cv_env_LT_SYS_LIBRARY_PATH_value=
ac_cv_env_PKG_CONFIG_LIBDIR_set=
ac_cv_env_PKG_CONFIG_LIBDIR_value=
ac_cv_env_PKG_CONFIG_PATH_set=
ac_cv_env_PKG_CONFIG_PATH_value=
ac_cv_env_PKG_CONFIG_set=
ac_cv_env_PKG_CONFIG_value=
ac_cv_env_build_alias_set=
ac_cv_env_build_alias_value=
ac_cv_env_host_alias_set=
ac_cv_env_host_alias_value=
ac_cv_env_target_alias_set=
ac_cv_env_target_alias_value=
ac_cv_header_dlfcn_h=yes
ac_cv_header_gmp_h=yes
ac_cv_header_inttypes_h=yes
ac_cv_header_memory_h=yes
ac_cv_header_stdc=yes
ac_cv_header_stdint_h=yes
ac_cv_header_stdlib_h=yes
ac_cv_header_string_h=yes
ac_cv_header_strings_h=yes
ac_cv_header_sys_stat_h=yes
ac_cv_header_sys_types_h=yes
ac_cv_header_unistd_h=yes
ac_cv_host=x86_64-apple-darwin18.2.0
ac_cv_lib_crypto_main=yes
ac_cv_lib_gmp___gmpz_init=yes
ac_cv_objext=o
ac_cv_path_BREW=/usr/local/bin/brew
ac_cv_path_EGREP='/usr/bin/grep -E'
ac_cv_path_FGREP='/usr/bin/grep -F'
ac_cv_path_GREP=/usr/bin/grep
ac_cv_path_SED=/usr/bin/sed
ac_cv_path_ac_pt_AR=/usr/bin/ar
ac_cv_path_ac_pt_PKG_CONFIG=/usr/local/bin/pkg-config
ac_cv_path_ac_pt_RANLIB=/usr/bin/ranlib
ac_cv_path_ac_pt_STRIP=/usr/bin/strip
ac_cv_path_install='/usr/bin/install -c'
ac_cv_path_lt_DD=/bin/dd
ac_cv_prog_AWK=awk
ac_cv_prog_CPP='gcc -E'
ac_cv_prog_ac_ct_AR=ar
ac_cv_prog_ac_ct_CC=gcc
ac_cv_prog_ac_ct_CC_FOR_BUILD=gcc
ac_cv_prog_ac_ct_DSYMUTIL=dsymutil
ac_cv_prog_ac_ct_LIPO=lipo
ac_cv_prog_ac_ct_NMEDIT=nmedit
ac_cv_prog_ac_ct_OBJDUMP=objdump
ac_cv_prog_ac_ct_OTOOL=otool
ac_cv_prog_ac_ct_RANLIB=ranlib
ac_cv_prog_ac_ct_STRIP=strip
ac_cv_prog_cc_c89=
ac_cv_prog_cc_g=yes
ac_cv_prog_make_make_set=yes
ac_cv_type___int128=yes
am_cv_CCAS_dependencies_compiler_type=gcc3
am_cv_CC_dependencies_compiler_type=gcc3
am_cv_make_support_nested_variables=yes
am_cv_prog_cc_c_o=yes
lt_cv_apple_cc_single_mod=yes
lt_cv_ar_at_file=no
lt_cv_deplibs_check_method=pass_all
lt_cv_file_magic_cmd='$MAGIC_CMD'
lt_cv_file_magic_test_file=
lt_cv_ld_exported_symbols_list=yes
lt_cv_ld_force_load=yes
lt_cv_ld_reload_flag=-r
lt_cv_nm_interface='BSD nm'
lt_cv_objdir=.libs
lt_cv_path_LD=/Library/Developer/CommandLineTools/usr/bin/ld
lt_cv_path_NM='/usr/bin/nm -B'
lt_cv_path_mainfest_tool=no
lt_cv_prog_compiler_c_o=yes
lt_cv_prog_compiler_pic='-fno-common -DPIC'
lt_cv_prog_compiler_pic_works=yes
lt_cv_prog_compiler_rtti_exceptions=yes
lt_cv_prog_compiler_static_works=no
lt_cv_prog_gnu_ld=no
lt_cv_sharedlib_from_linklib_cmd='printf %s\n'
lt_cv_sys_global_symbol_pipe='sed -n -e '\''s/^.*[	 ]\([BCDEGRST][BCDEGRST]*\)[	 ][	 ]*_\([_A-Za-z][_A-Za-z0-9]*\)$/\1 _\2 \2/p'\'' | sed '\''/ __gnu_lto/d'\'''
lt_cv_sys_global_symbol_to_c_name_address='sed -n -e '\''s/^: \(.*\) .*$/  {"\1", (void *) 0},/p'\'' -e '\''s/^[BCDEGRST][BCDEGRST]* .* \(.*\)$/  {"\1", (void *) \&\1},/p'\'''
lt_cv_sys_global_symbol_to_c_name_address_lib_prefix='sed -n -e '\''s/^: \(.*\) .*$/  {"\1", (void *) 0},/p'\'' -e '\''s/^[BCDEGRST][BCDEGRST]* .* \(lib.*\)$/  {"\1", (void *) \&\1},/p'\'' -e '\''s/^[BCDEGRST][BCDEGRST]* .* \(.*\)$/  {"lib\1", (void *) \&\1},/p'\'''
lt_cv_sys_global_symbol_to_cdecl='sed -n -e '\''s/^T .* \(.*\)$/extern int \1();/p'\'' -e '\''s/^[BCDEGRST][BCDEGRST]* .* \(.*\)$/extern char \1;/p'\'''
lt_cv_sys_global_symbol_to_import=
lt_cv_sys_max_cmd_len=196608
lt_cv_to_host_file_cmd=func_convert_file_noop
lt_cv_to_tool_file_cmd=func_convert_file_noop
lt_cv_truncate_bin='/bin/dd bs=4096 count=1'
pkg_cv_CRYPTO_CFLAGS=-I/usr/local/Cellar/openssl/1.0.2q/include
pkg_cv_CRYPTO_LIBS='-L/usr/local/Cellar/openssl/1.0.2q/lib -lcrypto'

## ----------------- ##
## Output variables. ##
## ----------------- ##

ACLOCAL='${SHELL} /Users/sr.integrale/code/secpy256k1/secp256k1/build-aux/missing aclocal-1.16'
AMDEPBACKSLASH='\'
AMDEP_FALSE='#'
AMDEP_TRUE=''
AMTAR='$${TAR-tar}'
AM_BACKSLASH='\'
AM_DEFAULT_V='$(AM_DEFAULT_VERBOSITY)'
AM_DEFAULT_VERBOSITY='0'
AM_V='$(V)'
AR='/usr/bin/ar'
AUTOCONF='${SHELL} /Users/sr.integrale/code/secpy256k1/secp256k1/build-aux/missing autoconf'
AUTOHEADER='${SHELL} /Users/sr.integrale/code/secpy256k1/secp256k1/build-aux/missing autoheader'
AUTOMAKE='${SHELL} /Users/sr.integrale/code/secpy256k1/secp256k1/build-aux/missing automake-1.16'
AWK='awk'
BREW='/usr/local/bin/brew'
BUILD_EXEEXT=''
BUILD_OBJEXT=''
CC='gcc'
CCAS='gcc'
CCASDEPMODE='depmode=gcc3'
CCASFLAGS='-g -O2'
CCDEPMODE='depmode=gcc3'
CC_FOR_BUILD='gcc'
CFLAGS='-g -O2 -W -std=c89 -pedantic -Wall -Wextra -Wcast-align -Wnested-externs -Wshadow -Wstrict-prototypes -Wno-unused-function -Wno-long-long -Wno-overlength-strings -fvisibility=hidden -O3'
CFLAGS_FOR_BUILD='-g -O2'
CPP='gcc -E'
CPPFLAGS=''
CPPFLAGS_FOR_BUILD=''
CPP_FOR_BUILD='gcc -E'
CRYPTO_CFLAGS='-I/usr/local/Cellar/openssl/1.0.2q/include'
CRYPTO_LIBS='-L/usr/local/Cellar/openssl/1.0.2q/lib -lcrypto'
CYGPATH_W='echo'
DEFS='-DHAVE_CONFIG_H'
DEPDIR='.deps'
DLLTOOL='false'
DSYMUTIL='dsymutil'
DUMPBIN=''
ECHO_C='\c'
ECHO_N=''
ECHO_T=''
EGREP='/usr/bin/grep -E'
ENABLE_COVERAGE_FALSE=''
ENABLE_COVERAGE_TRUE='#'
ENABLE_MODULE_ECDH_FALSE=''
ENABLE_MODULE_ECDH_TRUE='#'
ENABLE_MODULE_RECOVERY_FALSE='#'
ENABLE_MODULE_RECOVERY_TRUE=''
EXEEXT=''
FGREP='/usr/bin/grep -F'
GREP='/usr/bin/grep'
INSTALL_DATA='${INSTALL} -m 644'
INSTALL_PROGRAM='${INSTALL}'
INSTALL_SCRIPT='${INSTALL}'
INSTALL_STRIP_PROGRAM='$(install_sh) -c -s'
JNI_INCLUDES=''
LD='/Library/Developer/CommandLineTools/usr/bin/ld'
LDFLAGS=''
LDFLAGS_FOR_BUILD=''
LIBOBJS=''
LIBS=''
LIBTOOL='$(SHELL) $(top_builddir)/libtool'
LIPO='lipo'
LN_S='ln -s'
LTLIBOBJS=''
LT_SYS_LIBRARY_PATH=''
MAKEINFO='${SHELL} /Users/sr.integrale/code/secpy256k1/secp256k1/build-aux/missing makeinfo'
MANIFEST_TOOL=':'
MKDIR_P='build-aux/install-sh -c -d'
NM='/usr/bin/nm -B'
NMEDIT='nmedit'
OBJDUMP='objdump'
OBJEXT='o'
OTOOL64=':'
OTOOL='otool'
PACKAGE='libsecp256k1'
PACKAGE_BUGREPORT=''
PACKAGE_NAME='libsecp256k1'
PACKAGE_STRING='libsecp256k1 0.1'
PACKAGE_TARNAME='libsecp256k1'
PACKAGE_URL=''
PACKAGE_VERSION='0.1'
PATH_SEPARATOR=':'
PKG_CONFIG='/usr/local/bin/pkg-config'
PKG_CONFIG_LIBDIR=''
PKG_CONFIG_PATH='/usr/local/opt/openssl/lib/pkgconfig:'
PORT=''
RANLIB='/usr/bin/ranlib'
SECP_INCLUDES=' -I/usr/local/opt/gmp/include'
SECP_LIBS=' -L/usr/local/opt/gmp/lib -lgmp'
SECP_TEST_INCLUDES=''
SECP_TEST_LIBS=''
SED='/usr/bin/sed'
SET_MAKE=''
SHELL='/bin/sh'
STRIP='/usr/bin/strip'
USE_ASM_ARM_FALSE=''
USE_ASM_ARM_TRUE='#'
USE_BENCHMARK_FALSE='#'
USE_BENCHMARK_TRUE=''
USE_ECMULT_STATIC_PRECOMPUTATION_FALSE='#'
USE_ECMULT_STATIC_PRECOMPUTATION_TRUE=''
USE_EXHAUSTIVE_TESTS_FALSE='#'
USE_EXHAUSTIVE_TESTS_TRUE=''
USE_EXTERNAL_ASM_FALSE=''
USE_EXTERNAL_ASM_TRUE='#'
USE_JNI_FALSE=''
USE_JNI_TRUE='#'
USE_TESTS_FALSE='#'
USE_TESTS_TRUE=''
VERSION='0.1'
_ACJNI_JAVAC=''
ac_ct_AR='ar'
ac_ct_CC='gcc'
ac_ct_CC_FOR_BUILD='gcc'
ac_ct_DUMPBIN=''
am__EXEEXT_FALSE=''
am__EXEEXT_TRUE='#'
am__fastdepCCAS_FALSE='#'
am__fastdepCCAS_TRUE=''
am__fastdepCC_FALSE='#'
am__fastdepCC_TRUE=''
am__include='include'
am__isrc=''
am__leading_dot='.'
am__nodep='_no'
am__quote=''
am__tar='$${TAR-tar} chof - "$$tardir"'
am__untar='$${TAR-tar} xf -'
bindir='${exec_prefix}/bin'
build='x86_64-apple-darwin18.2.0'
build_alias=''
build_cpu='x86_64'
build_os='darwin18.2.0'
build_vendor='apple'
datadir='${datarootdir}'
datarootdir='${prefix}/share'
docdir='${datarootdir}/doc/${PACKAGE_TARNAME}'
dvidir='${docdir}'
exec_prefix='${prefix}'
host='x86_64-apple-darwin18.2.0'
host_alias=''
host_cpu='x86_64'
host_os='darwin18.2.0'
host_vendor='apple'
htmldir='${docdir}'
includedir='${prefix}/include'
infodir='${datarootdir}/info'
install_sh='${SHELL} /Users/sr.integrale/code/secpy256k1/secp256k1/build-aux/install-sh'
libdir='${exec_prefix}/lib'
libexecdir='${exec_prefix}/libexec'
localedir='${datarootdir}/locale'
localstatedir='${prefix}/var'
mandir='${datarootdir}/man'
mkdir_p='$(MKDIR_P)'
oldincludedir='/usr/include'
pdfdir='${docdir}'
prefix='/usr/local'
program_transform_name='s,x,x,'
psdir='${docdir}'
sbindir='${exec_prefix}/sbin'
sharedstatedir='${prefix}/com'
sysconfdir='${prefix}/etc'
target_alias=''

## ----------- ##
## confdefs.h. ##
## ----------- ##

/* confdefs.h */
#define PACKAGE_NAME "libsecp256k1"
#define PACKAGE_TARNAME "libsecp256k1"
#define PACKAGE_VERSION "0.1"
#define PACKAGE_STRING "libsecp256k1 0.1"
#define PACKAGE_BUGREPORT ""
#define PACKAGE_URL ""
#define PACKAGE "libsecp256k1"
#define VERSION "0.1"
#define STDC_HEADERS 1
#define HAVE_SYS_TYPES_H 1
#define HAVE_SYS_STAT_H 1
#define HAVE_STDLIB_H 1
#define HAVE_STRING_H 1
#define HAVE_MEMORY_H 1
#define HAVE_STRINGS_H 1
#define HAVE_INTTYPES_H 1
#define HAVE_STDINT_H 1
#define HAVE_UNISTD_H 1
#define HAVE_DLFCN_H 1
#define LT_OBJDIR ".libs/"
#define HAVE___INT128 1
#define HAVE_BUILTIN_EXPECT 1
#define HAVE_LIBGMP 1
#define USE_ASM_X86_64 1
#define USE_FIELD_5X52 1
#define HAVE_LIBGMP 1
#define USE_NUM_GMP 1
#define USE_FIELD_INV_NUM 1
#define USE_SCALAR_INV_NUM 1
#define USE_SCALAR_4X64 1
#define HAVE_LIBCRYPTO 1
#define USE_ECMULT_STATIC_PRECOMPUTATION 1
#define ENABLE_MODULE_RECOVERY 1

configure: exit 0
